<?xml version="1.0" encoding="UTF-8"?>
<!-- Generated by org.testng.reporters.JUnitReportReporter -->
<testsuite hostname="WINDOWS-EOC5AHK" failures="0" tests="1" name="com.Brisos.testscipt.CamapaginModule" time="0.024" errors="0" timestamp="2024-12-23T10:56:28 IST" skipped="0">
  <testcase classname="com.Brisos.testscipt.CamapaginModule" name="Demo" time="0.024"/>
</testsuite> <!-- com.Brisos.testscipt.CamapaginModule -->
